[2014-09-16 20:40:33.311] [INFO] appLogger -  [appApp-cartCntrl] - ,Inside appApp-mainCntrl
[2014-09-16 20:40:33.455] [INFO] appLogger -  [appApp-loginCntrl] - ,Inside appApp-loginCntrl
[2014-09-16 20:40:51.598] [INFO] appLogger -  [appApp-loginCntrl] - ,Inside appApp-loginCntrl
[2014-09-16 20:40:56.330] [INFO] appLogger -  [appApp-loginCntrl] - ,Inside appApp-loginCntrl
[2014-09-16 20:40:59.585] [INFO] appLogger -  [appApp-loginCntrl] - ,Inside appApp-loginCntrl
[2014-09-16 20:42:19.378] [INFO] appLogger -  [appApp-loginCntrl] - ,Inside appApp-loginCntrl
[2014-09-16 20:42:27.086] [INFO] appLogger -  [appApp-cartCntrl] - ,Inside appApp-cartCntrl
[2014-09-16 20:42:39.350] [INFO] appLogger -  [appApp-productsCntrl] - ,Inside appApp-productsCntrl
[2014-09-16 20:42:52.992] [INFO] appLogger -  [appApp-loginCntrl] - ,Inside appApp-loginCntrl
[2014-09-16 20:43:01.034] [INFO] appLogger -  [appApp-loginCntrl] - ,Inside appApp-loginCntrl
[2014-09-16 20:43:12.226] [INFO] appLogger -  [appApp-servicesCntrl] - ,Inside appApp-servicesCntrl
[2014-09-16 20:43:29.291] [INFO] appLogger -  [appApp-checkoutCntrl] - ,Inside appApp-checkoutCntrl
[2014-09-16 21:12:24.048] [INFO] appLogger -  [appApp-cartCntrl] - ,Inside appApp-mainCntrl
[2014-09-16 21:12:24.261] [INFO] appLogger -  [appApp-loginCntrl] - ,Inside appApp-loginCntrl
[2014-09-16 21:12:53.318] [INFO] appLogger -  [appApp-productsCntrl] - ,Inside appApp-productsCntrl
[2014-09-16 21:13:06.995] [INFO] appLogger -  [appApp-loginCntrl] - ,Inside appApp-loginCntrl
[2014-09-16 21:18:08.558] [INFO] appLogger -  [appApp-cartCntrl] - ,Inside appApp-mainCntrl
[2014-09-16 21:18:08.637] [INFO] appLogger -  [appApp-productsCntrl] - ,Inside appApp-productsCntrl
[2014-09-16 21:23:03.496] [INFO] appLogger -  [appApp-loginCntrl] - ,Inside appApp-loginCntrl
[2014-09-16 21:27:38.314] [INFO] appLogger -  [appApp-cartCntrl] - ,Inside appApp-mainCntrl
[2014-09-16 21:27:38.451] [INFO] appLogger -  [appApp-loginCntrl] - ,Inside appApp-loginCntrl
[2014-09-16 21:29:40.878] [INFO] appLogger -  [appApp-cartCntrl] - ,Inside appApp-mainCntrl
[2014-09-16 21:29:41.001] [INFO] appLogger -  [appApp-loginCntrl] - ,Inside appApp-loginCntrl
[2014-09-16 21:36:22.042] [INFO] appLogger -  [appApp-cartCntrl] - ,Inside appApp-mainCntrl
[2014-09-16 21:36:22.214] [INFO] appLogger -  [appApp-loginCntrl] - ,Inside appApp-loginCntrl
[2014-09-16 21:38:02.607] [INFO] appLogger -  [appApp-cartCntrl] - ,Inside appApp-mainCntrl
[2014-09-16 21:38:02.760] [INFO] appLogger -  [appApp-loginCntrl] - ,Inside appApp-loginCntrl
[2014-09-16 21:46:17.747] [INFO] appLogger -  [appApp-loginCntrl] - ,Inside appApp-loginCntrl
[2014-09-16 21:46:24.365] [INFO] appLogger -  [appApp-loginCntrl] - ,Inside appApp-loginCntrl
[2014-09-23 14:45:02.394] [INFO] appLogger -  [appApp-cartCntrl] - ,Inside appApp-mainCntrl
[2014-09-23 14:45:02.538] [INFO] appLogger -  [appApp-loginCntrl] - ,Inside appApp-loginCntrl
[2015-05-23 11:00:32.793] [INFO] appLogger -  [appApp-cartCntrl] - ,Inside appApp-mainCntrl
[2015-05-23 11:00:32.882] [INFO] appLogger -  [appApp-loginCntrl] - ,Inside appApp-loginCntrl
[2015-05-23 11:03:06.496] [INFO] appLogger -  [appApp-cartCntrl] - ,Inside appApp-mainCntrl
[2015-05-23 11:03:06.590] [INFO] appLogger -  [appApp-loginCntrl] - ,Inside appApp-loginCntrl
[2015-05-23 11:04:01.865] [INFO] appLogger -  [appApp-cartCntrl] - ,Inside appApp-mainCntrl
[2015-05-23 11:04:01.948] [INFO] appLogger -  [appApp-loginCntrl] - ,Inside appApp-loginCntrl
[2015-05-23 11:05:58.718] [INFO] appLogger -  [appApp-cartCntrl] - ,Inside appApp-mainCntrl
[2015-05-23 11:05:58.814] [INFO] appLogger -  [appApp-loginCntrl] - ,Inside appApp-loginCntrl
[2015-05-23 11:07:14.631] [INFO] appLogger -  [appApp-cartCntrl] - ,Inside appApp-mainCntrl
[2015-05-23 11:07:14.891] [INFO] appLogger -  [appApp-loginCntrl] - ,Inside appApp-loginCntrl
[2015-05-23 11:16:19.389] [INFO] appLogger -  [appApp-cartCntrl] - ,Inside appApp-mainCntrl
[2015-05-23 11:16:19.489] [INFO] appLogger -  [appApp-loginCntrl] - ,Inside appApp-loginCntrl
[2015-05-23 11:16:46.168] [INFO] appLogger -  [appApp-loginCntrl] - ,Inside appApp-loginCntrl
[2015-05-23 12:13:51.468] [INFO] appLogger -  [appApp-cartCntrl] - ,Inside appApp-mainCntrl
[2015-05-23 12:13:51.566] [INFO] appLogger -  [appApp-loginCntrl] - ,Inside appApp-loginCntrl
